<?xml version="1.0" encoding="UTF-8"?>
<!-- Generated by org.testng.reporters.JUnitXMLReporter -->
<testsuite ignored="0" hostname="DESKTOP-R440SJA" failures="2" tests="3" name="Error Validation Test" time="11.27" errors="0" timestamp="2025-02-10T23:11:12 IST">
  <testcase classname="MavenProject.tests.ErrorValidationsTest" name="LoginErrorValidation" time="1.267">
    <skipped/>
  </testcase> <!-- LoginErrorValidation -->
  <testcase classname="MavenProject.tests.ErrorValidationsTest" name="LoginErrorValidation" time="0.744">
    <failure type="java.lang.AssertionError" message="expected [Incorrect email or password.] but found [Incorrect email  password.]">
      <![CDATA[java.lang.AssertionError: expected [Incorrect email or password.] but found [Incorrect email  password.]
at MavenProject.tests.ErrorValidationsTest.LoginErrorValidation(ErrorValidationsTest.java:25)
at java.base/java.util.ArrayList.forEach(ArrayList.java:1596)
... Removed 31 stack frames]]>
    </failure>
  </testcase> <!-- LoginErrorValidation -->
  <testcase classname="MavenProject.tests.ErrorValidationsTest" name="ProductErrorValidation" time="1.117">
    <failure type="java.lang.NullPointerException" message="Cannot invoke &amp;quot;org.openqa.selenium.WebElement.findElement(org.openqa.selenium.By)&amp;quot; because &amp;quot;prod&amp;quot; is null">
      <![CDATA[java.lang.NullPointerException: Cannot invoke "org.openqa.selenium.WebElement.findElement(org.openqa.selenium.By)" because "prod" is null
at MavenProject.pageobjects.ProductCatelogue.addProductToCart(ProductCatelogue.java:50)
at MavenProject.tests.ErrorValidationsTest.ProductErrorValidation(ErrorValidationsTest.java:37)
at java.base/java.util.ArrayList.forEach(ArrayList.java:1596)
... Removed 25 stack frames]]>
    </failure>
  </testcase> <!-- ProductErrorValidation -->
</testsuite> <!-- Error Validation Test -->
