<?xml version="1.0" encoding="UTF-8"?>
<!-- Generated by org.testng.reporters.JUnitXMLReporter -->
<testsuite ignored="0" hostname="DESKTOP-R440SJA" failures="1" tests="3" name="Submit Order Test" time="13.577" errors="0" timestamp="2025-02-10T23:11:00 IST">
  <testcase classname="MavenProject.tests.SubmitOrderPOMTest1" name="submitOrder" time="1.048">
    <failure type="java.lang.NullPointerException" message="Cannot invoke &amp;quot;org.openqa.selenium.WebElement.findElement(org.openqa.selenium.By)&amp;quot; because &amp;quot;prod&amp;quot; is null">
      <![CDATA[java.lang.NullPointerException: Cannot invoke "org.openqa.selenium.WebElement.findElement(org.openqa.selenium.By)" because "prod" is null
at MavenProject.pageobjects.ProductCatelogue.addProductToCart(ProductCatelogue.java:50)
at MavenProject.tests.SubmitOrderPOMTest1.submitOrder(SubmitOrderPOMTest1.java:38)
at java.base/java.util.ArrayList.forEach(ArrayList.java:1596)
... Removed 25 stack frames]]>
    </failure>
  </testcase> <!-- submitOrder -->
  <testcase classname="MavenProject.tests.SubmitOrderPOMTest1" name="submitOrder" time="4.882"/>
  <testcase classname="MavenProject.tests.SubmitOrderPOMTest1" name="OrderHistoryTest" time="0.0">
    <skipped/>
  </testcase> <!-- OrderHistoryTest -->
</testsuite> <!-- Submit Order Test -->
